Running: /opt/Xilinx/14.7/ISE_DS/ISE/bin/lin64/unwrapped/fuse -intstyle ise -incremental -lib unisims_ver -lib unimacro_ver -lib xilinxcorelib_ver -o /media/shared/co/verilog/P1/alternate_tb_isim_beh.exe -prj /media/shared/co/verilog/P1/alternate_tb_beh.prj work.alternate_tb work.glbl 
ISim P.20131013 (signature 0xfbc00daa)
Number of CPUs detected in this system: 2
Turning on mult-threading, number of parallel sub-compilation jobs: 4 
Determining compilation order of HDL files
Analyzing Verilog file "/media/shared/co/verilog/P1/../../../../../media/shared/co/verilog/P1/alternate.v" into library work
Analyzing Verilog file "/media/shared/co/verilog/P1/../../../../../media/shared/co/verilog/P1/alternate_tb.v" into library work
Analyzing Verilog file "/opt/Xilinx/14.7/ISE_DS/ISE//verilog/src/glbl.v" into library work
Starting static elaboration
Completed static elaboration
Fuse Memory Usage: 82756 KB
Fuse CPU Usage: 340 ms
Compiling module alternate
Compiling module alternate_tb
Compiling module glbl
Time Resolution for simulation is 1ps.
Waiting for 1 sub-compilation(s) to finish...
Compiled 3 Verilog Units
Built simulation executable /media/shared/co/verilog/P1/alternate_tb_isim_beh.exe
Fuse Memory Usage: 380856 KB
Fuse CPU Usage: 340 ms
GCC CPU Usage: 180 ms
