P1_sit_in_rows http://cscore.buaa.edu.cn/#/problem?ProblemId=1334&PieId=1202
P1_eat_meal http://cscore.buaa.edu.cn/#/problem?ProblemId=1338&PieId=1202
矩阵转化 http://cscore.buaa.edu.cn/#/problem?ProblemId=3&PieId=1199
闰年 http://cscore.buaa.edu.cn/#/problem?ProblemId=4&PieId=1199
哈密顿回路 http://cscore.buaa.edu.cn/#/problem?ProblemId=5&PieId=1199
Verilog_字符自动机 http://cscore.buaa.edu.cn/#/problem?ProblemId=6&PieId=1199
Verilog_计数器 http://cscore.buaa.edu.cn/#/problem?ProblemId=8&PieId=1199
Logisim_swap http://cscore.buaa.edu.cn/#/problem?ProblemId=12&PieId=1199
Logisim_fibonacci_1 http://cscore.buaa.edu.cn/#/problem?ProblemId=15&PieId=1199
Logisim_4BitSort http://cscore.buaa.edu.cn/#/problem?ProblemId=16&PieId=1199
Logisim_mod5 http://cscore.buaa.edu.cn/#/problem?ProblemId=22&PieId=1199
Logisim_fibonacci_2 http://cscore.buaa.edu.cn/#/problem?ProblemId=23&PieId=1199
Verilog_CPU_输出格式检查 http://cscore.buaa.edu.cn/#/problem?ProblemId=396&PieId=1199
Pre_vvco_chanllenge http://cscore.buaa.edu.cn/#/problem?ProblemId=397&PieId=1199
组合电路练习_1 http://cscore.buaa.edu.cn/#/problem?ProblemId=398&PieId=1199
组合电路练习_2 http://cscore.buaa.edu.cn/#/problem?ProblemId=399&PieId=1199
时序电路练习_1 http://cscore.buaa.edu.cn/#/problem?ProblemId=400&PieId=1199
时序电路练习_2 http://cscore.buaa.edu.cn/#/problem?ProblemId=401&PieId=1199
ALU端口设置 http://cscore.buaa.edu.cn/#/problem?ProblemId=524&PieId=1199
乘除单元端口设置 http://cscore.buaa.edu.cn/#/problem?ProblemId=527&PieId=1199
生成代码修改 http://cscore.buaa.edu.cn/#/problem?ProblemId=532&PieId=1199
端口设置语法 http://cscore.buaa.edu.cn/#/problem?ProblemId=533&PieId=1199
端口位宽设置 http://cscore.buaa.edu.cn/#/problem?ProblemId=534&PieId=1199
自动化生成端口 http://cscore.buaa.edu.cn/#/problem?ProblemId=536&PieId=1199
读写内存方法 http://cscore.buaa.edu.cn/#/problem?ProblemId=537&PieId=1199
display用法 http://cscore.buaa.edu.cn/#/problem?ProblemId=538&PieId=1199
时钟信号测试 http://cscore.buaa.edu.cn/#/problem?ProblemId=539&PieId=1199
加法器测试 http://cscore.buaa.edu.cn/#/problem?ProblemId=540&PieId=1199
仿真时钟设置 http://cscore.buaa.edu.cn/#/problem?ProblemId=541&PieId=1199
模块定义练习 http://cscore.buaa.edu.cn/#/problem?ProblemId=542&PieId=1199
wire数据类型练习 http://cscore.buaa.edu.cn/#/problem?ProblemId=543&PieId=1199
reg数据类型练习 http://cscore.buaa.edu.cn/#/problem?ProblemId=544&PieId=1199
数字字面量练习 http://cscore.buaa.edu.cn/#/problem?ProblemId=545&PieId=1199
parameter数据类型练习 http://cscore.buaa.edu.cn/#/problem?ProblemId=546&PieId=1199
接线 http://cscore.buaa.edu.cn/#/problem?ProblemId=547&PieId=1199
assign语句练习 http://cscore.buaa.edu.cn/#/problem?ProblemId=548&PieId=1199
移位运算符练习 http://cscore.buaa.edu.cn/#/problem?ProblemId=549&PieId=1199
拼接运算与缩减运算练习 http://cscore.buaa.edu.cn/#/problem?ProblemId=550&PieId=1199
三目运算符练习 http://cscore.buaa.edu.cn/#/problem?ProblemId=551&PieId=1199
always块练习 http://cscore.buaa.edu.cn/#/problem?ProblemId=552&PieId=1199
计小组传信息 http://cscore.buaa.edu.cn/#/problem?ProblemId=553&PieId=1199
计小组的求助 http://cscore.buaa.edu.cn/#/problem?ProblemId=554&PieId=1199
计小组学习补码、反码以及原码 http://cscore.buaa.edu.cn/#/problem?ProblemId=555&PieId=1199
计小组学习有符号补码 http://cscore.buaa.edu.cn/#/problem?ProblemId=556&PieId=1199
粮食征收 http://cscore.buaa.edu.cn/#/problem?ProblemId=557&PieId=1199
always与initial练习1 http://cscore.buaa.edu.cn/#/problem?ProblemId=558&PieId=1199
always与initial练习2 http://cscore.buaa.edu.cn/#/problem?ProblemId=559&PieId=1199
if语句练习 http://cscore.buaa.edu.cn/#/problem?ProblemId=561&PieId=1199
寄存器初始化练习 http://cscore.buaa.edu.cn/#/problem?ProblemId=562&PieId=1199
循环语句练习 http://cscore.buaa.edu.cn/#/problem?ProblemId=563&PieId=1199
时间控制语句练习 http://cscore.buaa.edu.cn/#/problem?ProblemId=564&PieId=1199
模块实例化 http://cscore.buaa.edu.cn/#/problem?ProblemId=565&PieId=1199
Verilog中数字的存储 http://cscore.buaa.edu.cn/#/problem?ProblemId=567&PieId=1199
识别逻辑门元件 http://cscore.buaa.edu.cn/#/problem?ProblemId=568&PieId=1199
完成加法器 http://cscore.buaa.edu.cn/#/problem?ProblemId=569&PieId=1199
识别常用元器件 http://cscore.buaa.edu.cn/#/problem?ProblemId=570&PieId=1199
常用元器件的使用 http://cscore.buaa.edu.cn/#/problem?ProblemId=571&PieId=1199
Splitter http://cscore.buaa.edu.cn/#/problem?ProblemId=572&PieId=1199
答题电路 http://cscore.buaa.edu.cn/#/problem?ProblemId=573&PieId=1199
战争游戏 http://cscore.buaa.edu.cn/#/problem?ProblemId=574&PieId=1199
逻辑移位器 http://cscore.buaa.edu.cn/#/problem?ProblemId=575&PieId=1199
等价电路 http://cscore.buaa.edu.cn/#/problem?ProblemId=576&PieId=1199
电路功能分析 http://cscore.buaa.edu.cn/#/problem?ProblemId=577&PieId=1199
心情电路 http://cscore.buaa.edu.cn/#/problem?ProblemId=578&PieId=1199
数字锁 http://cscore.buaa.edu.cn/#/problem?ProblemId=579&PieId=1199
快捷键的使用1 http://cscore.buaa.edu.cn/#/problem?ProblemId=580&PieId=1199
快捷键的使用2 http://cscore.buaa.edu.cn/#/problem?ProblemId=581&PieId=1199
子电路1 http://cscore.buaa.edu.cn/#/problem?ProblemId=582&PieId=1199
子电路2 http://cscore.buaa.edu.cn/#/problem?ProblemId=583&PieId=1199
ROM使用 http://cscore.buaa.edu.cn/#/problem?ProblemId=584&PieId=1199
RAM使用 http://cscore.buaa.edu.cn/#/problem?ProblemId=585&PieId=1199
存储单位 http://cscore.buaa.edu.cn/#/problem?ProblemId=586&PieId=1199
存储单位（字节） http://cscore.buaa.edu.cn/#/problem?ProblemId=587&PieId=1199
存储单位（字） http://cscore.buaa.edu.cn/#/problem?ProblemId=588&PieId=1199
存储形式 http://cscore.buaa.edu.cn/#/problem?ProblemId=589&PieId=1199
存储方式 http://cscore.buaa.edu.cn/#/problem?ProblemId=590&PieId=1199
寄存器的功能测试1 http://cscore.buaa.edu.cn/#/problem?ProblemId=591&PieId=1199
寄存器的功能测试2 http://cscore.buaa.edu.cn/#/problem?ProblemId=592&PieId=1199
寄存器的功能测试3 http://cscore.buaa.edu.cn/#/problem?ProblemId=593&PieId=1199
寄存器的功能测试4 http://cscore.buaa.edu.cn/#/problem?ProblemId=594&PieId=1199
寄存器的功能测试5 http://cscore.buaa.edu.cn/#/problem?ProblemId=595&PieId=1199
汇编入门测试1 http://cscore.buaa.edu.cn/#/problem?ProblemId=596&PieId=1199
汇编入门测试2 http://cscore.buaa.edu.cn/#/problem?ProblemId=597&PieId=1199
汇编入门测试3 http://cscore.buaa.edu.cn/#/problem?ProblemId=598&PieId=1199
汇编入门测试4 http://cscore.buaa.edu.cn/#/problem?ProblemId=599&PieId=1199
MIPS指令手册解读测试1 http://cscore.buaa.edu.cn/#/problem?ProblemId=600&PieId=1199
MIPS指令手册解读测试2 http://cscore.buaa.edu.cn/#/problem?ProblemId=601&PieId=1199
MIPS指令手册解读测试3 http://cscore.buaa.edu.cn/#/problem?ProblemId=602&PieId=1199
指令分类测试1 http://cscore.buaa.edu.cn/#/problem?ProblemId=603&PieId=1199
指令分类测试2 http://cscore.buaa.edu.cn/#/problem?ProblemId=604&PieId=1199
指令分类测试3 http://cscore.buaa.edu.cn/#/problem?ProblemId=605&PieId=1199
指令翻译测试1 http://cscore.buaa.edu.cn/#/problem?ProblemId=606&PieId=1199
指令翻译测试2 http://cscore.buaa.edu.cn/#/problem?ProblemId=607&PieId=1199
bne指令功能测试 http://cscore.buaa.edu.cn/#/problem?ProblemId=608&PieId=1199
load-store指令功能测试 http://cscore.buaa.edu.cn/#/problem?ProblemId=609&PieId=1199
jal-jr指令功能测试 http://cscore.buaa.edu.cn/#/problem?ProblemId=610&PieId=1199
乘除法指令功能测试 http://cscore.buaa.edu.cn/#/problem?ProblemId=611&PieId=1199
数据溢出测试 http://cscore.buaa.edu.cn/#/problem?ProblemId=612&PieId=1199
跳转指令范围1 http://cscore.buaa.edu.cn/#/problem?ProblemId=613&PieId=1199
跳转指令范围2 http://cscore.buaa.edu.cn/#/problem?ProblemId=614&PieId=1199
跳转指令范围3 http://cscore.buaa.edu.cn/#/problem?ProblemId=615&PieId=1199
扩展指令测试 http://cscore.buaa.edu.cn/#/problem?ProblemId=616&PieId=1199
伪指令测试1 http://cscore.buaa.edu.cn/#/problem?ProblemId=617&PieId=1199
伪指令测试2 http://cscore.buaa.edu.cn/#/problem?ProblemId=618&PieId=1199
伪指令辨析 http://cscore.buaa.edu.cn/#/problem?ProblemId=619&PieId=1199
代码导出按钮 http://cscore.buaa.edu.cn/#/problem?ProblemId=626&PieId=1199
选项设置 http://cscore.buaa.edu.cn/#/problem?ProblemId=627&PieId=1199
快捷键测试1 http://cscore.buaa.edu.cn/#/problem?ProblemId=628&PieId=1199
快捷键测试2 http://cscore.buaa.edu.cn/#/problem?ProblemId=629&PieId=1199
帮助文档 http://cscore.buaa.edu.cn/#/problem?ProblemId=630&PieId=1199
运行按钮测试 http://cscore.buaa.edu.cn/#/problem?ProblemId=631&PieId=1199
寄存器初始值测试 http://cscore.buaa.edu.cn/#/problem?ProblemId=632&PieId=1199
cp0初值 http://cscore.buaa.edu.cn/#/problem?ProblemId=633&PieId=1199
延迟槽设置 http://cscore.buaa.edu.cn/#/problem?ProblemId=634&PieId=1199
寄存器变化 http://cscore.buaa.edu.cn/#/problem?ProblemId=635&PieId=1199
代码导出格式 http://cscore.buaa.edu.cn/#/problem?ProblemId=638&PieId=1199
Logisim_基本组件-1 http://cscore.buaa.edu.cn/#/problem?ProblemId=816&PieId=1199
Logisim_基本组件-2 http://cscore.buaa.edu.cn/#/problem?ProblemId=817&PieId=1199
Logisim_基本组件-3 http://cscore.buaa.edu.cn/#/problem?ProblemId=818&PieId=1199
verilog-signed_verified-1 http://cscore.buaa.edu.cn/#/problem?ProblemId=836&PieId=1199
verilog-signed_verified-2 http://cscore.buaa.edu.cn/#/problem?ProblemId=837&PieId=1199
Logisim_ComponentRecognition http://cscore.buaa.edu.cn/#/problem?ProblemId=1317&PieId=1199
Logisim_Multiplier http://cscore.buaa.edu.cn/#/problem?ProblemId=1318&PieId=1199
Logisim_XOR_OddParity http://cscore.buaa.edu.cn/#/problem?ProblemId=1319&PieId=1199
P1_L0_debug http://cscore.buaa.edu.cn/#/problem?ProblemId=1322&PieId=1199
Verilog-时序逻辑 http://cscore.buaa.edu.cn/#/problem?ProblemId=1325&PieId=1199
Verilog_combinational http://cscore.buaa.edu.cn/#/problem?ProblemId=1326&PieId=1199
Verilog_wire http://cscore.buaa.edu.cn/#/problem?ProblemId=1327&PieId=1199
P2_choose_correct_position http://cscore.buaa.edu.cn/#/problem?ProblemId=1340&PieId=1199
P2_from_c_to_mips http://cscore.buaa.edu.cn/#/problem?ProblemId=1341&PieId=1199
P0_L0_FSM http://cscore.buaa.edu.cn/#/problem?ProblemId=9&PieId=1204
P0_L0_CRC http://cscore.buaa.edu.cn/#/problem?ProblemId=13&PieId=1204
P4_L0_document http://cscore.buaa.edu.cn/#/problem?ProblemId=66&PieId=1208
P4_student_judge http://cscore.buaa.edu.cn/#/problem?ProblemId=347&PieId=1208
指令地址计算 http://cscore.buaa.edu.cn/#/problem?ProblemId=728&PieId=1208
控制器实现 http://cscore.buaa.edu.cn/#/problem?ProblemId=729&PieId=1208
P4_L0_middle_2022 http://cscore.buaa.edu.cn/#/problem?ProblemId=961&PieId=1208
P4_L0_strong_function_2023 http://cscore.buaa.edu.cn/#/problem?ProblemId=1225&PieId=1208
P4_L0_weak_2023 http://cscore.buaa.edu.cn/#/problem?ProblemId=1239&PieId=1208
P5_L0_document http://cscore.buaa.edu.cn/#/problem?ProblemId=82&PieId=1215
P5_student_judge http://cscore.buaa.edu.cn/#/problem?ProblemId=353&PieId=1215
P5_L0_document http://cscore.buaa.edu.cn/#/problem?ProblemId=82&PieId=1216
P5_new_L0_middle_2024 http://cscore.buaa.edu.cn/#/problem?ProblemId=1390&PieId=1216
P5_new_L0_weak_2024 http://cscore.buaa.edu.cn/#/problem?ProblemId=1392&PieId=1216
P5_L0_document http://cscore.buaa.edu.cn/#/problem?ProblemId=82&PieId=1221
P5_student_judge http://cscore.buaa.edu.cn/#/problem?ProblemId=353&PieId=1221
P5_L0_weak_2023 http://cscore.buaa.edu.cn/#/problem?ProblemId=1245&PieId=1221
P6_L0_document http://cscore.buaa.edu.cn/#/problem?ProblemId=128&PieId=1222
P6_student_judge http://cscore.buaa.edu.cn/#/problem?ProblemId=498&PieId=1222
P6_L0_weak_2023 http://cscore.buaa.edu.cn/#/problem?ProblemId=1253&PieId=1222
