ISim P.20131013 (signature 0x7708f090)
This is a Full version of ISim.
Time resolution is 1 ps
Simulator is doing circuit initialization process.
Finished circuit initialization process.
                  38@00003000: $ 9 <= 12340000
                  42@00003004: $ 9 <= 12345678
                  42@00003008: *00000000 <= 12345678
                  46@0000300c: *00000004 <= 00005678
                  50@00003010: *00000004 <= 56785678
                  54@00003014: *00000008 <= 00000078
                  58@00003018: *00000008 <= 00007878
                  62@0000301c: *00000008 <= 00787878
                  66@00003020: *00000008 <= 78787878
                  74@00003024: $10 <= 12345678
                  78@00003028: $11 <= 00005678
                  82@0000302c: $12 <= 00001234
                  86@00003030: $13 <= 00000078
                  90@00003034: $14 <= 00000056
                  94@00003038: $15 <= 00000034
                  98@0000303c: $24 <= 00000012
